<html>
<head>
<title>TestNG:  RegressionTestForBuild2023.1</title>
<link href="../testng.css" rel="stylesheet" type="text/css" />
<link href="../my-testng.css" rel="stylesheet" type="text/css" />

<style type="text/css">
.log { display: none;} 
.stack-trace { display: none;} 
</style>
<script type="text/javascript">
<!--
function flip(e) {
  current = e.style.display;
  if (current == 'block') {
    e.style.display = 'none';
    return 0;
  }
  else {
    e.style.display = 'block';
    return 1;
  }
}

function toggleBox(szDivId, elem, msg1, msg2)
{
  var res = -1;  if (document.getElementById) {
    res = flip(document.getElementById(szDivId));
  }
  else if (document.all) {
    // this is the way old msie versions work
    res = flip(document.all[szDivId]);
  }
  if(elem) {
    if(res == 0) elem.innerHTML = msg1; else elem.innerHTML = msg2;
  }

}

function toggleAllBoxes() {
  if (document.getElementsByTagName) {
    d = document.getElementsByTagName('div');
    for (i = 0; i < d.length; i++) {
      if (d[i].className == 'log') {
        flip(d[i]);
      }
    }
  }
}

// -->
</script>

</head>
<body>
<h2 align='center'>RegressionTestForBuild2023.1</h2><table border='1' align="center">
<tr>
<td>Tests passed/Failed/Skipped:</td><td>0/2/0</td>
</tr><tr>
<td>Started on:</td><td>Mon Nov 06 08:47:32 IST 2023</td>
</tr>
<tr><td>Total time:</td><td>7 seconds (7123 ms)</td>
</tr><tr>
<td>Included groups:</td><td></td>
</tr><tr>
<td>Excluded groups:</td><td></td>
</tr>
</table><p/>
<small><i>(Hover the method name to see the test class name)</i></small><p/>
<table width='100%' border='1' class='invocation-failed'>
<tr><td colspan='4' align='center'><b>FAILED TESTS</b></td></tr>
<tr><td><b>Test method</b></td>
<td><b>Attribute(s)</b></td>
<td width="30%"><b>Exception</b></td>
<td width="10%"><b>Time (seconds)</b></td>
<td><b>Instance</b></td>
</tr>
<tr>
<td title='mindq.mindqsep2023bddframework.runners.Runner.runScenario()'><b>runScenario</b><br>Test class: mindq.mindqsep2023bddframework.runners.Runner<br>Test method: Runs Cucumber Scenarios<br>Parameters: "Customer should not be able to login with invalid credentials", "Login Page functionalities will be covered in this feature"</td>
<td><div><pre>java.lang.AssertionError: expected [false] but found [true]
	at mind.mindqsep2023bddframework.stepdefinitions.LoginStepDefintions.user_should_see_the_error_message_on_the_login_screen(LoginStepDefintions.java:60)
	at ✽.User should see the error message on the login screen(file:///C:/Users/prash/eclipse-workspace/mindqsep2023bddframework/Features/LoginPageFeature.feature:20)
... Removed 4 stack frames</pre></div><a href='#' onClick='toggleBox("stack-trace1375297293", this, "Click to show all stack frames", "Click to hide stack frames")'>Click to show all stack frames</a>
<div class='stack-trace' id='stack-trace1375297293'><pre>java.lang.AssertionError: expected [false] but found [true]
	at org.testng.Assert.fail(Assert.java:111)
	at org.testng.Assert.failNotEquals(Assert.java:1578)
	at org.testng.Assert.assertFalse(Assert.java:79)
	at org.testng.Assert.assertFalse(Assert.java:89)
	at mind.mindqsep2023bddframework.stepdefinitions.LoginStepDefintions.user_should_see_the_error_message_on_the_login_screen(LoginStepDefintions.java:60)
	at ✽.User should see the error message on the login screen(file:///C:/Users/prash/eclipse-workspace/mindqsep2023bddframework/Features/LoginPageFeature.feature:20)
</pre></div></td>
<td>2</td>
<td>mindq.mindqsep2023bddframework.runners.Runner@2362f559</td></tr>
<tr>
<td title='mindq.mindqsep2023bddframework.runners.Runner.runScenario()'><b>runScenario</b><br>Test class: mindq.mindqsep2023bddframework.runners.Runner<br>Test method: Runs Cucumber Scenarios<br>Parameters: "Customer should not be able to login with invalid credentials", "Login Page functionalities will be covered in this feature"</td>
<td><div><pre>java.lang.AssertionError: expected [false] but found [true]
	at mind.mindqsep2023bddframework.stepdefinitions.LoginStepDefintions.user_should_see_the_error_message_on_the_login_screen(LoginStepDefintions.java:60)
	at ✽.User should see the error message on the login screen(file:///C:/Users/prash/eclipse-workspace/mindqsep2023bddframework/Features/LoginPageFeature.feature:20)
... Removed 4 stack frames</pre></div><a href='#' onClick='toggleBox("stack-trace1234654510", this, "Click to show all stack frames", "Click to hide stack frames")'>Click to show all stack frames</a>
<div class='stack-trace' id='stack-trace1234654510'><pre>java.lang.AssertionError: expected [false] but found [true]
	at org.testng.Assert.fail(Assert.java:111)
	at org.testng.Assert.failNotEquals(Assert.java:1578)
	at org.testng.Assert.assertFalse(Assert.java:79)
	at org.testng.Assert.assertFalse(Assert.java:89)
	at mind.mindqsep2023bddframework.stepdefinitions.LoginStepDefintions.user_should_see_the_error_message_on_the_login_screen(LoginStepDefintions.java:60)
	at ✽.User should see the error message on the login screen(file:///C:/Users/prash/eclipse-workspace/mindqsep2023bddframework/Features/LoginPageFeature.feature:20)
</pre></div></td>
<td>3</td>
<td>mindq.mindqsep2023bddframework.runners.Runner@2362f559</td></tr>
</table><p>
</body>
</html>