<?xml version="1.0" encoding="UTF-8"?>
<!-- Generated by org.testng.reporters.JUnitXMLReporter -->
<testsuite ignored="0" hostname="PRASHANTHI" failures="2" tests="2" name="RegressionTestForBuild2023.1" time="7.123" errors="0" timestamp="2023-11-06T08:47:39 IST">
  <testcase classname="io.cucumber.testng.AbstractTestNGCucumberTests" name="runScenario" time="3.757">
    <failure type="java.lang.AssertionError" message="expected [false] but found [true]">
      <![CDATA[java.lang.AssertionError: expected [false] but found [true]
at mind.mindqsep2023bddframework.stepdefinitions.LoginStepDefintions.user_should_see_the_error_message_on_the_login_screen(LoginStepDefintions.java:60)
at ✽.User should see the error message on the login screen(file:///C:/Users/prash/eclipse-workspace/mindqsep2023bddframework/Features/LoginPageFeature.feature:20)
... Removed 4 stack frames]]>
    </failure>
  </testcase> <!-- runScenario -->
  <testcase classname="io.cucumber.testng.AbstractTestNGCucumberTests" name="runScenario" time="2.828">
    <failure type="java.lang.AssertionError" message="expected [false] but found [true]">
      <![CDATA[java.lang.AssertionError: expected [false] but found [true]
at mind.mindqsep2023bddframework.stepdefinitions.LoginStepDefintions.user_should_see_the_error_message_on_the_login_screen(LoginStepDefintions.java:60)
at ✽.User should see the error message on the login screen(file:///C:/Users/prash/eclipse-workspace/mindqsep2023bddframework/Features/LoginPageFeature.feature:20)
... Removed 4 stack frames]]>
    </failure>
  </testcase> <!-- runScenario -->
</testsuite> <!-- RegressionTestForBuild2023.1 -->
