<?xml version="1.0" encoding="UTF-8"?>
<!-- Generated by org.testng.reporters.JUnitXMLReporter -->
<testsuite ignored="0" hostname="PRASHANTHI" failures="2" tests="2" name="Default test" time="8.652" errors="0" timestamp="2023-11-06T08:42:04 IST">
  <testcase classname="io.cucumber.testng.AbstractTestNGCucumberTests" name="runScenario" time="5.175">
    <failure type="java.lang.AssertionError" message="expected [false] but found [true]">
      <![CDATA[java.lang.AssertionError: expected [false] but found [true]
at org.testng.Assert.fail(Assert.java:111)
at org.testng.Assert.failNotEquals(Assert.java:1578)
at org.testng.Assert.assertFalse(Assert.java:79)
at org.testng.Assert.assertFalse(Assert.java:89)
at mind.mindqsep2023bddframework.stepdefinitions.LoginStepDefintions.user_should_see_the_error_message_on_the_login_screen(LoginStepDefintions.java:60)
at ✽.User should see the error message on the login screen(file:///C:/Users/prash/eclipse-workspace/mindqsep2023bddframework/Features/LoginPageFeature.feature:20)
]]>
    </failure>
  </testcase> <!-- runScenario -->
  <testcase classname="io.cucumber.testng.AbstractTestNGCucumberTests" name="runScenario" time="2.842">
    <failure type="java.lang.AssertionError" message="expected [false] but found [true]">
      <![CDATA[java.lang.AssertionError: expected [false] but found [true]
at org.testng.Assert.fail(Assert.java:111)
at org.testng.Assert.failNotEquals(Assert.java:1578)
at org.testng.Assert.assertFalse(Assert.java:79)
at org.testng.Assert.assertFalse(Assert.java:89)
at mind.mindqsep2023bddframework.stepdefinitions.LoginStepDefintions.user_should_see_the_error_message_on_the_login_screen(LoginStepDefintions.java:60)
at ✽.User should see the error message on the login screen(file:///C:/Users/prash/eclipse-workspace/mindqsep2023bddframework/Features/LoginPageFeature.feature:20)
]]>
    </failure>
  </testcase> <!-- runScenario -->
</testsuite> <!-- Default test -->
