<?xml version="1.0" encoding="UTF-8"?>
<testng-results ignored="0" total="2" passed="0" failed="2" skipped="0">
  <reporter-output>
  </reporter-output>
  <suite started-at="2023-11-06T08:47:32 IST" name="RegressionSuite" finished-at="2023-11-06T08:47:39 IST" duration-ms="7123">
    <groups>
      <group name="cucumber">
        <method signature="AbstractTestNGCucumberTests.runScenario(io.cucumber.testng.PickleWrapper,io.cucumber.testng.FeatureWrapper)[pri:0, instance:mindq.mindqsep2023bddframework.runners.Runner@2362f559]" name="runScenario" class="io.cucumber.testng.AbstractTestNGCucumberTests"/>
      </group> <!-- cucumber -->
    </groups>
    <test started-at="2023-11-06T08:47:32 IST" name="RegressionTestForBuild2023.1" finished-at="2023-11-06T08:47:39 IST" duration-ms="7123">
      <class name="mindq.mindqsep2023bddframework.runners.Runner">
        <test-method is-config="true" signature="setUpClass(org.testng.ITestContext)[pri:0, instance:mindq.mindqsep2023bddframework.runners.Runner@2362f559]" started-at="2023-11-06T08:47:32 IST" name="setUpClass" finished-at="2023-11-06T08:47:32 IST" duration-ms="428" status="PASS">
          <params>
            <param index="0">
              <value>
                <![CDATA[org.testng.TestRunner@4a1a256d]]>
              </value>
            </param>
          </params>
          <reporter-output>
          </reporter-output>
        </test-method> <!-- setUpClass -->
        <test-method signature="runScenario(io.cucumber.testng.PickleWrapper,io.cucumber.testng.FeatureWrapper)[pri:0, instance:mindq.mindqsep2023bddframework.runners.Runner@2362f559]" started-at="2023-11-06T08:47:32 IST" name="runScenario" description="Runs Cucumber Scenarios" data-provider="scenarios" finished-at="2023-11-06T08:47:36 IST" duration-ms="3757" status="FAIL">
          <params>
            <param index="0">
              <value>
                <![CDATA["Customer should not be able to login with invalid credentials"]]>
              </value>
            </param>
            <param index="1">
              <value>
                <![CDATA["Login Page functionalities will be covered in this feature"]]>
              </value>
            </param>
          </params>
          <exception class="java.lang.AssertionError">
            <message>
              <![CDATA[expected [false] but found [true]]]>
            </message>
            <full-stacktrace>
              <![CDATA[java.lang.AssertionError: expected [false] but found [true]
at org.testng.Assert.fail(Assert.java:111)
at org.testng.Assert.failNotEquals(Assert.java:1578)
at org.testng.Assert.assertFalse(Assert.java:79)
at org.testng.Assert.assertFalse(Assert.java:89)
at mind.mindqsep2023bddframework.stepdefinitions.LoginStepDefintions.user_should_see_the_error_message_on_the_login_screen(LoginStepDefintions.java:60)
at ✽.User should see the error message on the login screen(file:///C:/Users/prash/eclipse-workspace/mindqsep2023bddframework/Features/LoginPageFeature.feature:20)
]]>
            </full-stacktrace>
          </exception> <!-- java.lang.AssertionError -->
          <reporter-output>
          </reporter-output>
        </test-method> <!-- runScenario -->
        <test-method signature="runScenario(io.cucumber.testng.PickleWrapper,io.cucumber.testng.FeatureWrapper)[pri:0, instance:mindq.mindqsep2023bddframework.runners.Runner@2362f559]" started-at="2023-11-06T08:47:36 IST" name="runScenario" description="Runs Cucumber Scenarios" data-provider="scenarios" finished-at="2023-11-06T08:47:39 IST" duration-ms="2828" status="FAIL">
          <params>
            <param index="0">
              <value>
                <![CDATA["Customer should not be able to login with invalid credentials"]]>
              </value>
            </param>
            <param index="1">
              <value>
                <![CDATA["Login Page functionalities will be covered in this feature"]]>
              </value>
            </param>
          </params>
          <exception class="java.lang.AssertionError">
            <message>
              <![CDATA[expected [false] but found [true]]]>
            </message>
            <full-stacktrace>
              <![CDATA[java.lang.AssertionError: expected [false] but found [true]
at org.testng.Assert.fail(Assert.java:111)
at org.testng.Assert.failNotEquals(Assert.java:1578)
at org.testng.Assert.assertFalse(Assert.java:79)
at org.testng.Assert.assertFalse(Assert.java:89)
at mind.mindqsep2023bddframework.stepdefinitions.LoginStepDefintions.user_should_see_the_error_message_on_the_login_screen(LoginStepDefintions.java:60)
at ✽.User should see the error message on the login screen(file:///C:/Users/prash/eclipse-workspace/mindqsep2023bddframework/Features/LoginPageFeature.feature:20)
]]>
            </full-stacktrace>
          </exception> <!-- java.lang.AssertionError -->
          <reporter-output>
          </reporter-output>
        </test-method> <!-- runScenario -->
        <test-method is-config="true" signature="tearDownClass()[pri:0, instance:mindq.mindqsep2023bddframework.runners.Runner@2362f559]" started-at="2023-11-06T08:47:39 IST" name="tearDownClass" finished-at="2023-11-06T08:47:39 IST" duration-ms="68" status="PASS">
          <reporter-output>
          </reporter-output>
        </test-method> <!-- tearDownClass -->
      </class> <!-- mindq.mindqsep2023bddframework.runners.Runner -->
    </test> <!-- RegressionTestForBuild2023.1 -->
  </suite> <!-- RegressionSuite -->
</testng-results>
