<?xml version="1.0" encoding="UTF-8"?>
<!-- Generated by org.testng.reporters.JUnitReportReporter -->
<testsuite hostname="PRASHANTHI" failures="2" tests="2" name="mindq.mindqsep2023bddframework.runners.Runner" time="6.585" errors="0" timestamp="2023-11-06T08:47:39 IST" skipped="0">
  <testcase classname="mindq.mindqsep2023bddframework.runners.Runner" name="runScenario" time="2.828">
    <failure message="expected [false] but found [true]" type="java.lang.AssertionError">
      <![CDATA[java.lang.AssertionError: expected [false] but found [true]
at org.testng.Assert.fail(Assert.java:111)
at org.testng.Assert.failNotEquals(Assert.java:1578)
at org.testng.Assert.assertFalse(Assert.java:79)
at org.testng.Assert.assertFalse(Assert.java:89)
at mind.mindqsep2023bddframework.stepdefinitions.LoginStepDefintions.user_should_see_the_error_message_on_the_login_screen(LoginStepDefintions.java:60)
at ✽.User should see the error message on the login screen(file:///C:/Users/prash/eclipse-workspace/mindqsep2023bddframework/Features/LoginPageFeature.feature:20)
]]>
    </failure>
  </testcase> <!-- runScenario -->
  <testcase classname="mindq.mindqsep2023bddframework.runners.Runner" name="runScenario" time="3.757">
    <failure message="expected [false] but found [true]" type="java.lang.AssertionError">
      <![CDATA[java.lang.AssertionError: expected [false] but found [true]
at org.testng.Assert.fail(Assert.java:111)
at org.testng.Assert.failNotEquals(Assert.java:1578)
at org.testng.Assert.assertFalse(Assert.java:79)
at org.testng.Assert.assertFalse(Assert.java:89)
at mind.mindqsep2023bddframework.stepdefinitions.LoginStepDefintions.user_should_see_the_error_message_on_the_login_screen(LoginStepDefintions.java:60)
at ✽.User should see the error message on the login screen(file:///C:/Users/prash/eclipse-workspace/mindqsep2023bddframework/Features/LoginPageFeature.feature:20)
]]>
    </failure>
  </testcase> <!-- runScenario -->
</testsuite> <!-- mindq.mindqsep2023bddframework.runners.Runner -->
